0 info it worked if it ends with ok
1 verbose cli [ 'D:\\software\\node\\node.exe',
1 verbose cli   'D:\\software\\node\\node_modules\\npm\\bin\\npm-cli.js',
1 verbose cli   'run',
1 verbose cli   'dev' ]
2 info using npm@3.8.9
3 info using node@v6.2.0
4 verbose run-script [ 'predev', 'dev', 'postdev' ]
5 info lifecycle myapp@0.0.0~predev: myapp@0.0.0
6 silly lifecycle myapp@0.0.0~predev: no script for predev, continuing
7 info lifecycle myapp@0.0.0~dev: myapp@0.0.0
8 verbose lifecycle myapp@0.0.0~dev: unsafe-perm in lifecycle true
9 verbose lifecycle myapp@0.0.0~dev: PATH: D:\software\node\node_modules\npm\bin\node-gyp-bin;C:\Users\Administrator\Desktop\wine\myapp\node_modules\.bin;D:\software\node;C:\windows\system32;C:\windows;C:\windows\System32\Wbem;C:\windows\System32\WindowsPowerShell\v1.0\;D:\software\node\;C:\Users\Administrator\AppData\Roaming\npm
10 verbose lifecycle myapp@0.0.0~dev: CWD: C:\Users\Administrator\Desktop\wine\myapp
11 silly lifecycle myapp@0.0.0~dev: Args: [ '/d /s /c', 'supervisor ./bin/www' ]
12 silly lifecycle myapp@0.0.0~dev: Returned: code: 1  signal: null
13 info lifecycle myapp@0.0.0~dev: Failed to exec dev script
14 verbose stack Error: myapp@0.0.0 dev: `supervisor ./bin/www`
14 verbose stack Exit status 1
14 verbose stack     at EventEmitter.<anonymous> (D:\software\node\node_modules\npm\lib\utils\lifecycle.js:245:16)
14 verbose stack     at emitTwo (events.js:106:13)
14 verbose stack     at EventEmitter.emit (events.js:191:7)
14 verbose stack     at ChildProcess.<anonymous> (D:\software\node\node_modules\npm\lib\utils\spawn.js:24:14)
14 verbose stack     at emitTwo (events.js:106:13)
14 verbose stack     at ChildProcess.emit (events.js:191:7)
14 verbose stack     at maybeClose (internal/child_process.js:850:16)
14 verbose stack     at Process.ChildProcess._handle.onexit (internal/child_process.js:215:5)
15 verbose pkgid myapp@0.0.0
16 verbose cwd C:\Users\Administrator\Desktop\wine\myapp
17 error Windows_NT 6.3.9600
18 error argv "D:\\software\\node\\node.exe" "D:\\software\\node\\node_modules\\npm\\bin\\npm-cli.js" "run" "dev"
19 error node v6.2.0
20 error npm  v3.8.9
21 error code ELIFECYCLE
22 error myapp@0.0.0 dev: `supervisor ./bin/www`
22 error Exit status 1
23 error Failed at the myapp@0.0.0 dev script 'supervisor ./bin/www'.
23 error Make sure you have the latest version of node.js and npm installed.
23 error If you do, this is most likely a problem with the myapp package,
23 error not with npm itself.
23 error Tell the author that this fails on your system:
23 error     supervisor ./bin/www
23 error You can get information on how to open an issue for this project with:
23 error     npm bugs myapp
23 error Or if that isn't available, you can get their info via:
23 error     npm owner ls myapp
23 error There is likely additional logging output above.
24 verbose exit [ 1, true ]
